{
"contracts/Kargain.sol":{"l":{"41":3,"45":3,"49":6,"53":6,"57":2,"61":2,"65":2,"69":2,"76":1,"77":1,"78":1,"79":1,"80":1,"81":1,"85":2,"92":1,"96":2,"103":1,"107":1,"114":1,"123":2,"130":1,"139":1,"146":1,"155":1,"156":1,"164":0,"168":1,"172":1,"173":1,"174":1,"175":1,"183":1,"187":1,"191":1,"196":1,"197":1,"200":1,"209":1,"210":0,"211":0,"212":0,"215":1,"217":1,"219":1,"221":1,"223":1,"225":1,"234":0,"235":0,"237":0,"245":0,"251":0,"252":0,"254":0},"path":"/home/damian/Documents/work/kargain-nft/contracts/Kargain.sol","s":{"1":3,"2":6,"3":2,"4":2,"5":1,"6":1,"7":1,"8":1,"9":1,"10":1,"11":2,"12":1,"13":2,"14":1,"15":1,"16":1,"17":2,"18":1,"19":1,"20":1,"21":0,"22":1,"23":1,"24":1,"25":1,"26":1,"27":1,"28":1,"29":1,"30":1,"31":1,"32":1,"33":1,"34":0,"35":0,"36":0,"37":1,"38":1,"39":1,"40":1,"41":1,"42":1,"43":0,"44":0,"45":0,"46":0,"47":0,"48":0,"49":0},"b":{"1":[3,0],"2":[6,0],"3":[2,0],"4":[2,0],"5":[1,0],"6":[1,0],"7":[1,0],"8":[1,0],"9":[1,0],"10":[0,1],"11":[0,0]},"f":{"1":3,"2":6,"3":2,"4":2,"5":1,"6":2,"7":1,"8":2,"9":1,"10":1,"11":1,"12":2,"13":1,"14":1,"15":1,"16":1,"17":0,"18":1,"19":1,"20":1,"21":0,"22":0},"fnMap":{"1":{"name":"onlyAdmin","line":40,"loc":{"start":{"line":40,"column":4},"end":{"line":46,"column":4}}},"2":{"name":"tokenExists","line":48,"loc":{"start":{"line":48,"column":4},"end":{"line":54,"column":4}}},"3":{"name":"onlyOwner","line":56,"loc":{"start":{"line":56,"column":4},"end":{"line":62,"column":4}}},"4":{"name":"offerExist","line":64,"loc":{"start":{"line":64,"column":4},"end":{"line":70,"column":4}}},"5":{"name":"initialize","line":75,"loc":{"start":{"line":72,"column":4},"end":{"line":82,"column":4}}},"6":{"name":"platformCommissionPercent","line":84,"loc":{"start":{"line":84,"column":4},"end":{"line":86,"column":4}}},"7":{"name":"setPlatformCommissionPercent","line":90,"loc":{"start":{"line":88,"column":4},"end":{"line":93,"column":4}}},"8":{"name":"platformAddress","line":95,"loc":{"start":{"line":95,"column":4},"end":{"line":97,"column":4}}},"9":{"name":"setPlatformAddress","line":101,"loc":{"start":{"line":99,"column":4},"end":{"line":104,"column":4}}},"10":{"name":"offerExpirationTime","line":106,"loc":{"start":{"line":106,"column":4},"end":{"line":108,"column":4}}},"11":{"name":"setOfferExpirationTime","line":112,"loc":{"start":{"line":110,"column":4},"end":{"line":115,"column":4}}},"12":{"name":"tokenPrice","line":120,"loc":{"start":{"line":117,"column":4},"end":{"line":124,"column":4}}},"13":{"name":"setTokenPrice","line":128,"loc":{"start":{"line":126,"column":4},"end":{"line":131,"column":4}}},"14":{"name":"offerAddress","line":136,"loc":{"start":{"line":133,"column":4},"end":{"line":140,"column":4}}},"15":{"name":"_calculateCommission","line":142,"loc":{"start":{"line":142,"column":4},"end":{"line":148,"column":4}}},"16":{"name":"_cancelOffer","line":153,"loc":{"start":{"line":150,"column":4},"end":{"line":157,"column":4}}},"17":{"name":"_refundOffer","line":162,"loc":{"start":{"line":159,"column":4},"end":{"line":165,"column":4}}},"18":{"name":"mint","line":167,"loc":{"start":{"line":167,"column":4},"end":{"line":176,"column":4}}},"19":{"name":"createOffer","line":181,"loc":{"start":{"line":178,"column":4},"end":{"line":201,"column":4}}},"20":{"name":"acceptOffer","line":207,"loc":{"start":{"line":203,"column":4},"end":{"line":226,"column":4}}},"21":{"name":"rejectOffer","line":232,"loc":{"start":{"line":228,"column":4},"end":{"line":238,"column":4}}},"22":{"name":"cancelOffer","line":243,"loc":{"start":{"line":240,"column":4},"end":{"line":255,"column":4}}}},"statementMap":{"1":{"start":{"line":41,"column":8},"end":{"line":41,"column":1604}},"2":{"start":{"line":49,"column":8},"end":{"line":49,"column":1795}},"3":{"start":{"line":57,"column":8},"end":{"line":57,"column":1972}},"4":{"start":{"line":65,"column":8},"end":{"line":65,"column":2167}},"5":{"start":{"line":76,"column":8},"end":{"line":76,"column":43}},"6":{"start":{"line":77,"column":8},"end":{"line":77,"column":63}},"7":{"start":{"line":78,"column":8},"end":{"line":78,"column":30}},"8":{"start":{"line":79,"column":8},"end":{"line":79,"column":38}},"9":{"start":{"line":80,"column":8},"end":{"line":80,"column":29}},"10":{"start":{"line":81,"column":8},"end":{"line":81,"column":49}},"11":{"start":{"line":85,"column":8},"end":{"line":85,"column":41}},"12":{"start":{"line":92,"column":8},"end":{"line":92,"column":62}},"13":{"start":{"line":96,"column":8},"end":{"line":96,"column":31}},"14":{"start":{"line":103,"column":8},"end":{"line":103,"column":42}},"15":{"start":{"line":107,"column":8},"end":{"line":107,"column":35}},"16":{"start":{"line":114,"column":8},"end":{"line":114,"column":50}},"17":{"start":{"line":123,"column":8},"end":{"line":123,"column":38}},"18":{"start":{"line":130,"column":8},"end":{"line":130,"column":39}},"19":{"start":{"line":139,"column":8},"end":{"line":139,"column":32}},"20":{"start":{"line":146,"column":8},"end":{"line":146,"column":4298}},"21":{"start":{"line":164,"column":8},"end":{"line":164,"column":58}},"22":{"start":{"line":168,"column":8},"end":{"line":168,"column":4799}},"23":{"start":{"line":172,"column":8},"end":{"line":172,"column":72}},"24":{"start":{"line":173,"column":8},"end":{"line":173,"column":40}},"25":{"start":{"line":174,"column":8},"end":{"line":174,"column":39}},"26":{"start":{"line":175,"column":8},"end":{"line":175,"column":46}},"27":{"start":{"line":183,"column":8},"end":{"line":183,"column":5241}},"28":{"start":{"line":187,"column":8},"end":{"line":187,"column":5368}},"29":{"start":{"line":191,"column":8},"end":{"line":191,"column":5485}},"30":{"start":{"line":196,"column":8},"end":{"line":196,"column":46}},"31":{"start":{"line":197,"column":8},"end":{"line":197,"column":5688}},"32":{"start":{"line":200,"column":8},"end":{"line":200,"column":59}},"33":{"start":{"line":209,"column":8},"end":{"line":209,"column":5991}},"34":{"start":{"line":210,"column":12},"end":{"line":210,"column":33}},"35":{"start":{"line":211,"column":12},"end":{"line":211,"column":51}},"36":{"start":{"line":212,"column":12},"end":{"line":212,"column":18}},"37":{"start":{"line":215,"column":8},"end":{"line":215,"column":64}},"38":{"start":{"line":217,"column":8},"end":{"line":217,"column":6294}},"39":{"start":{"line":219,"column":8},"end":{"line":219,"column":52}},"40":{"start":{"line":221,"column":8},"end":{"line":221,"column":75}},"41":{"start":{"line":223,"column":8},"end":{"line":223,"column":29}},"42":{"start":{"line":225,"column":8},"end":{"line":225,"column":48}},"43":{"start":{"line":234,"column":8},"end":{"line":234,"column":29}},"44":{"start":{"line":235,"column":8},"end":{"line":235,"column":29}},"45":{"start":{"line":237,"column":8},"end":{"line":237,"column":48}},"46":{"start":{"line":245,"column":8},"end":{"line":245,"column":6962}},"47":{"start":{"line":251,"column":8},"end":{"line":251,"column":29}},"48":{"start":{"line":252,"column":8},"end":{"line":252,"column":29}},"49":{"start":{"line":254,"column":8},"end":{"line":254,"column":49}}},"branchMap":{"1":{"line":41,"type":"if","locations":[{"start":{"line":41,"column":8},"end":{"line":41,"column":8}},{"start":{"line":41,"column":8},"end":{"line":41,"column":8}}]},"2":{"line":49,"type":"if","locations":[{"start":{"line":49,"column":8},"end":{"line":49,"column":8}},{"start":{"line":49,"column":8},"end":{"line":49,"column":8}}]},"3":{"line":57,"type":"if","locations":[{"start":{"line":57,"column":8},"end":{"line":57,"column":8}},{"start":{"line":57,"column":8},"end":{"line":57,"column":8}}]},"4":{"line":65,"type":"if","locations":[{"start":{"line":65,"column":8},"end":{"line":65,"column":8}},{"start":{"line":65,"column":8},"end":{"line":65,"column":8}}]},"5":{"line":168,"type":"if","locations":[{"start":{"line":168,"column":8},"end":{"line":168,"column":8}},{"start":{"line":168,"column":8},"end":{"line":168,"column":8}}]},"6":{"line":172,"type":"if","locations":[{"start":{"line":172,"column":8},"end":{"line":172,"column":8}},{"start":{"line":172,"column":8},"end":{"line":172,"column":8}}]},"7":{"line":183,"type":"if","locations":[{"start":{"line":183,"column":8},"end":{"line":183,"column":8}},{"start":{"line":183,"column":8},"end":{"line":183,"column":8}}]},"8":{"line":187,"type":"if","locations":[{"start":{"line":187,"column":8},"end":{"line":187,"column":8}},{"start":{"line":187,"column":8},"end":{"line":187,"column":8}}]},"9":{"line":191,"type":"if","locations":[{"start":{"line":191,"column":8},"end":{"line":191,"column":8}},{"start":{"line":191,"column":8},"end":{"line":191,"column":8}}]},"10":{"line":209,"type":"if","locations":[{"start":{"line":209,"column":8},"end":{"line":209,"column":8}},{"start":{"line":209,"column":8},"end":{"line":209,"column":8}}]},"11":{"line":245,"type":"if","locations":[{"start":{"line":245,"column":8},"end":{"line":245,"column":8}},{"start":{"line":245,"column":8},"end":{"line":245,"column":8}}]}}}}
