{
"contracts/Kargain.sol":{"l":{"35":3,"39":3,"43":6,"47":6,"51":2,"55":2,"59":2,"63":2,"70":1,"71":1,"72":1,"73":1,"74":1,"75":1,"79":2,"86":1,"90":2,"97":1,"101":1,"108":1,"117":2,"124":1,"133":1,"140":1,"149":1,"150":1,"158":0,"162":1,"166":1,"167":1,"168":1,"169":1,"177":1,"181":1,"185":1,"190":1,"191":1,"194":1,"203":1,"204":0,"205":0,"206":0,"209":1,"211":1,"213":1,"215":1,"217":1,"219":1,"228":0,"229":0,"231":0,"239":0,"245":0,"246":0,"248":0},"path":"/home/damian/Documents/work/kargain-nft/contracts/Kargain.sol","s":{"1":3,"2":6,"3":2,"4":2,"5":1,"6":1,"7":1,"8":1,"9":1,"10":1,"11":2,"12":1,"13":2,"14":1,"15":1,"16":1,"17":2,"18":1,"19":1,"20":1,"21":0,"22":1,"23":1,"24":1,"25":1,"26":1,"27":1,"28":1,"29":1,"30":1,"31":1,"32":1,"33":1,"34":0,"35":0,"36":0,"37":1,"38":1,"39":1,"40":1,"41":1,"42":1,"43":0,"44":0,"45":0,"46":0,"47":0,"48":0,"49":0},"b":{"1":[3,0],"2":[6,0],"3":[2,0],"4":[2,0],"5":[1,0],"6":[1,0],"7":[1,0],"8":[1,0],"9":[1,0],"10":[0,1],"11":[0,0]},"f":{"1":3,"2":6,"3":2,"4":2,"5":1,"6":2,"7":1,"8":2,"9":1,"10":1,"11":1,"12":2,"13":1,"14":1,"15":1,"16":1,"17":0,"18":1,"19":1,"20":1,"21":0,"22":0},"fnMap":{"1":{"name":"onlyAdmin","line":34,"loc":{"start":{"line":34,"column":4},"end":{"line":40,"column":4}}},"2":{"name":"tokenExists","line":42,"loc":{"start":{"line":42,"column":4},"end":{"line":48,"column":4}}},"3":{"name":"onlyOwner","line":50,"loc":{"start":{"line":50,"column":4},"end":{"line":56,"column":4}}},"4":{"name":"offerExist","line":58,"loc":{"start":{"line":58,"column":4},"end":{"line":64,"column":4}}},"5":{"name":"initialize","line":69,"loc":{"start":{"line":66,"column":4},"end":{"line":76,"column":4}}},"6":{"name":"platformCommissionPercent","line":78,"loc":{"start":{"line":78,"column":4},"end":{"line":80,"column":4}}},"7":{"name":"setPlatformCommissionPercent","line":84,"loc":{"start":{"line":82,"column":4},"end":{"line":87,"column":4}}},"8":{"name":"platformAddress","line":89,"loc":{"start":{"line":89,"column":4},"end":{"line":91,"column":4}}},"9":{"name":"setPlatformAddress","line":95,"loc":{"start":{"line":93,"column":4},"end":{"line":98,"column":4}}},"10":{"name":"offerExpirationTime","line":100,"loc":{"start":{"line":100,"column":4},"end":{"line":102,"column":4}}},"11":{"name":"setOfferExpirationTime","line":106,"loc":{"start":{"line":104,"column":4},"end":{"line":109,"column":4}}},"12":{"name":"tokenPrice","line":114,"loc":{"start":{"line":111,"column":4},"end":{"line":118,"column":4}}},"13":{"name":"setTokenPrice","line":122,"loc":{"start":{"line":120,"column":4},"end":{"line":125,"column":4}}},"14":{"name":"offerAddress","line":130,"loc":{"start":{"line":127,"column":4},"end":{"line":134,"column":4}}},"15":{"name":"_calculateCommission","line":136,"loc":{"start":{"line":136,"column":4},"end":{"line":142,"column":4}}},"16":{"name":"_cancelOffer","line":147,"loc":{"start":{"line":144,"column":4},"end":{"line":151,"column":4}}},"17":{"name":"_refundOffer","line":156,"loc":{"start":{"line":153,"column":4},"end":{"line":159,"column":4}}},"18":{"name":"mint","line":161,"loc":{"start":{"line":161,"column":4},"end":{"line":170,"column":4}}},"19":{"name":"createOffer","line":175,"loc":{"start":{"line":172,"column":4},"end":{"line":195,"column":4}}},"20":{"name":"acceptOffer","line":201,"loc":{"start":{"line":197,"column":4},"end":{"line":220,"column":4}}},"21":{"name":"rejectOffer","line":226,"loc":{"start":{"line":222,"column":4},"end":{"line":232,"column":4}}},"22":{"name":"cancelOffer","line":237,"loc":{"start":{"line":234,"column":4},"end":{"line":249,"column":4}}}},"statementMap":{"1":{"start":{"line":35,"column":8},"end":{"line":35,"column":1481}},"2":{"start":{"line":43,"column":8},"end":{"line":43,"column":1672}},"3":{"start":{"line":51,"column":8},"end":{"line":51,"column":1849}},"4":{"start":{"line":59,"column":8},"end":{"line":59,"column":2044}},"5":{"start":{"line":70,"column":8},"end":{"line":70,"column":43}},"6":{"start":{"line":71,"column":8},"end":{"line":71,"column":63}},"7":{"start":{"line":72,"column":8},"end":{"line":72,"column":30}},"8":{"start":{"line":73,"column":8},"end":{"line":73,"column":38}},"9":{"start":{"line":74,"column":8},"end":{"line":74,"column":29}},"10":{"start":{"line":75,"column":8},"end":{"line":75,"column":49}},"11":{"start":{"line":79,"column":8},"end":{"line":79,"column":41}},"12":{"start":{"line":86,"column":8},"end":{"line":86,"column":62}},"13":{"start":{"line":90,"column":8},"end":{"line":90,"column":31}},"14":{"start":{"line":97,"column":8},"end":{"line":97,"column":42}},"15":{"start":{"line":101,"column":8},"end":{"line":101,"column":35}},"16":{"start":{"line":108,"column":8},"end":{"line":108,"column":50}},"17":{"start":{"line":117,"column":8},"end":{"line":117,"column":38}},"18":{"start":{"line":124,"column":8},"end":{"line":124,"column":39}},"19":{"start":{"line":133,"column":8},"end":{"line":133,"column":32}},"20":{"start":{"line":140,"column":8},"end":{"line":140,"column":4175}},"21":{"start":{"line":158,"column":8},"end":{"line":158,"column":58}},"22":{"start":{"line":162,"column":8},"end":{"line":162,"column":4676}},"23":{"start":{"line":166,"column":8},"end":{"line":166,"column":72}},"24":{"start":{"line":167,"column":8},"end":{"line":167,"column":40}},"25":{"start":{"line":168,"column":8},"end":{"line":168,"column":39}},"26":{"start":{"line":169,"column":8},"end":{"line":169,"column":46}},"27":{"start":{"line":177,"column":8},"end":{"line":177,"column":5118}},"28":{"start":{"line":181,"column":8},"end":{"line":181,"column":5245}},"29":{"start":{"line":185,"column":8},"end":{"line":185,"column":5362}},"30":{"start":{"line":190,"column":8},"end":{"line":190,"column":46}},"31":{"start":{"line":191,"column":8},"end":{"line":191,"column":5565}},"32":{"start":{"line":194,"column":8},"end":{"line":194,"column":59}},"33":{"start":{"line":203,"column":8},"end":{"line":203,"column":5868}},"34":{"start":{"line":204,"column":12},"end":{"line":204,"column":33}},"35":{"start":{"line":205,"column":12},"end":{"line":205,"column":51}},"36":{"start":{"line":206,"column":12},"end":{"line":206,"column":18}},"37":{"start":{"line":209,"column":8},"end":{"line":209,"column":64}},"38":{"start":{"line":211,"column":8},"end":{"line":211,"column":6171}},"39":{"start":{"line":213,"column":8},"end":{"line":213,"column":52}},"40":{"start":{"line":215,"column":8},"end":{"line":215,"column":75}},"41":{"start":{"line":217,"column":8},"end":{"line":217,"column":29}},"42":{"start":{"line":219,"column":8},"end":{"line":219,"column":48}},"43":{"start":{"line":228,"column":8},"end":{"line":228,"column":29}},"44":{"start":{"line":229,"column":8},"end":{"line":229,"column":29}},"45":{"start":{"line":231,"column":8},"end":{"line":231,"column":48}},"46":{"start":{"line":239,"column":8},"end":{"line":239,"column":6839}},"47":{"start":{"line":245,"column":8},"end":{"line":245,"column":29}},"48":{"start":{"line":246,"column":8},"end":{"line":246,"column":29}},"49":{"start":{"line":248,"column":8},"end":{"line":248,"column":49}}},"branchMap":{"1":{"line":35,"type":"if","locations":[{"start":{"line":35,"column":8},"end":{"line":35,"column":8}},{"start":{"line":35,"column":8},"end":{"line":35,"column":8}}]},"2":{"line":43,"type":"if","locations":[{"start":{"line":43,"column":8},"end":{"line":43,"column":8}},{"start":{"line":43,"column":8},"end":{"line":43,"column":8}}]},"3":{"line":51,"type":"if","locations":[{"start":{"line":51,"column":8},"end":{"line":51,"column":8}},{"start":{"line":51,"column":8},"end":{"line":51,"column":8}}]},"4":{"line":59,"type":"if","locations":[{"start":{"line":59,"column":8},"end":{"line":59,"column":8}},{"start":{"line":59,"column":8},"end":{"line":59,"column":8}}]},"5":{"line":162,"type":"if","locations":[{"start":{"line":162,"column":8},"end":{"line":162,"column":8}},{"start":{"line":162,"column":8},"end":{"line":162,"column":8}}]},"6":{"line":166,"type":"if","locations":[{"start":{"line":166,"column":8},"end":{"line":166,"column":8}},{"start":{"line":166,"column":8},"end":{"line":166,"column":8}}]},"7":{"line":177,"type":"if","locations":[{"start":{"line":177,"column":8},"end":{"line":177,"column":8}},{"start":{"line":177,"column":8},"end":{"line":177,"column":8}}]},"8":{"line":181,"type":"if","locations":[{"start":{"line":181,"column":8},"end":{"line":181,"column":8}},{"start":{"line":181,"column":8},"end":{"line":181,"column":8}}]},"9":{"line":185,"type":"if","locations":[{"start":{"line":185,"column":8},"end":{"line":185,"column":8}},{"start":{"line":185,"column":8},"end":{"line":185,"column":8}}]},"10":{"line":203,"type":"if","locations":[{"start":{"line":203,"column":8},"end":{"line":203,"column":8}},{"start":{"line":203,"column":8},"end":{"line":203,"column":8}}]},"11":{"line":239,"type":"if","locations":[{"start":{"line":239,"column":8},"end":{"line":239,"column":8}},{"start":{"line":239,"column":8},"end":{"line":239,"column":8}}]}}}}
