TN:
SF:/home/damian/Documents/work/kargain-nft/contracts/Kargain.sol
FN:40,onlyAdmin
FN:48,tokenExists
FN:56,onlyOwner
FN:64,offerExist
FN:75,initialize
FN:84,platformCommissionPercent
FN:90,setPlatformCommissionPercent
FN:95,platformAddress
FN:101,setPlatformAddress
FN:106,offerExpirationTime
FN:112,setOfferExpirationTime
FN:120,tokenPrice
FN:128,setTokenPrice
FN:136,offerAddress
FN:142,_calculateCommission
FN:153,_cancelOffer
FN:162,_refundOffer
FN:167,mint
FN:181,createOffer
FN:207,acceptOffer
FN:232,rejectOffer
FN:243,cancelOffer
FNF:22
FNH:19
FNDA:3,onlyAdmin
FNDA:6,tokenExists
FNDA:2,onlyOwner
FNDA:2,offerExist
FNDA:1,initialize
FNDA:2,platformCommissionPercent
FNDA:1,setPlatformCommissionPercent
FNDA:2,platformAddress
FNDA:1,setPlatformAddress
FNDA:1,offerExpirationTime
FNDA:1,setOfferExpirationTime
FNDA:2,tokenPrice
FNDA:1,setTokenPrice
FNDA:1,offerAddress
FNDA:1,_calculateCommission
FNDA:1,_cancelOffer
FNDA:0,_refundOffer
FNDA:1,mint
FNDA:1,createOffer
FNDA:1,acceptOffer
FNDA:0,rejectOffer
FNDA:0,cancelOffer
DA:41,3
DA:45,3
DA:49,6
DA:53,6
DA:57,2
DA:61,2
DA:65,2
DA:69,2
DA:76,1
DA:77,1
DA:78,1
DA:79,1
DA:80,1
DA:81,1
DA:85,2
DA:92,1
DA:96,2
DA:103,1
DA:107,1
DA:114,1
DA:123,2
DA:130,1
DA:139,1
DA:146,1
DA:155,1
DA:156,1
DA:164,0
DA:168,1
DA:172,1
DA:173,1
DA:174,1
DA:175,1
DA:183,1
DA:187,1
DA:191,1
DA:196,1
DA:197,1
DA:200,1
DA:209,1
DA:210,0
DA:211,0
DA:212,0
DA:215,1
DA:217,1
DA:219,1
DA:221,1
DA:223,1
DA:225,1
DA:234,0
DA:235,0
DA:237,0
DA:245,0
DA:251,0
DA:252,0
DA:254,0
LF:55
LH:44
BRDA:41,1,0,3
BRDA:41,1,1,0
BRDA:49,2,0,6
BRDA:49,2,1,0
BRDA:57,3,0,2
BRDA:57,3,1,0
BRDA:65,4,0,2
BRDA:65,4,1,0
BRDA:168,5,0,1
BRDA:168,5,1,0
BRDA:172,6,0,1
BRDA:172,6,1,0
BRDA:183,7,0,1
BRDA:183,7,1,0
BRDA:187,8,0,1
BRDA:187,8,1,0
BRDA:191,9,0,1
BRDA:191,9,1,0
BRDA:209,10,0,0
BRDA:209,10,1,1
BRDA:245,11,0,0
BRDA:245,11,1,0
BRF:22
BRH:10
end_of_record
