TN:
SF:/home/damian/Documents/work/kargain-nft/contracts/Kargain.sol
FN:34,onlyAdmin
FN:42,tokenExists
FN:50,onlyOwner
FN:58,offerExist
FN:69,initialize
FN:78,platformCommissionPercent
FN:84,setPlatformCommissionPercent
FN:89,platformAddress
FN:95,setPlatformAddress
FN:100,offerExpirationTime
FN:106,setOfferExpirationTime
FN:114,tokenPrice
FN:122,setTokenPrice
FN:130,offerAddress
FN:136,_calculateCommission
FN:147,_cancelOffer
FN:156,_refundOffer
FN:161,mint
FN:175,createOffer
FN:201,acceptOffer
FN:226,rejectOffer
FN:237,cancelOffer
FNF:22
FNH:19
FNDA:3,onlyAdmin
FNDA:6,tokenExists
FNDA:2,onlyOwner
FNDA:2,offerExist
FNDA:1,initialize
FNDA:2,platformCommissionPercent
FNDA:1,setPlatformCommissionPercent
FNDA:2,platformAddress
FNDA:1,setPlatformAddress
FNDA:1,offerExpirationTime
FNDA:1,setOfferExpirationTime
FNDA:2,tokenPrice
FNDA:1,setTokenPrice
FNDA:1,offerAddress
FNDA:1,_calculateCommission
FNDA:1,_cancelOffer
FNDA:0,_refundOffer
FNDA:1,mint
FNDA:1,createOffer
FNDA:1,acceptOffer
FNDA:0,rejectOffer
FNDA:0,cancelOffer
DA:35,3
DA:39,3
DA:43,6
DA:47,6
DA:51,2
DA:55,2
DA:59,2
DA:63,2
DA:70,1
DA:71,1
DA:72,1
DA:73,1
DA:74,1
DA:75,1
DA:79,2
DA:86,1
DA:90,2
DA:97,1
DA:101,1
DA:108,1
DA:117,2
DA:124,1
DA:133,1
DA:140,1
DA:149,1
DA:150,1
DA:158,0
DA:162,1
DA:166,1
DA:167,1
DA:168,1
DA:169,1
DA:177,1
DA:181,1
DA:185,1
DA:190,1
DA:191,1
DA:194,1
DA:203,1
DA:204,0
DA:205,0
DA:206,0
DA:209,1
DA:211,1
DA:213,1
DA:215,1
DA:217,1
DA:219,1
DA:228,0
DA:229,0
DA:231,0
DA:239,0
DA:245,0
DA:246,0
DA:248,0
LF:55
LH:44
BRDA:35,1,0,3
BRDA:35,1,1,0
BRDA:43,2,0,6
BRDA:43,2,1,0
BRDA:51,3,0,2
BRDA:51,3,1,0
BRDA:59,4,0,2
BRDA:59,4,1,0
BRDA:162,5,0,1
BRDA:162,5,1,0
BRDA:166,6,0,1
BRDA:166,6,1,0
BRDA:177,7,0,1
BRDA:177,7,1,0
BRDA:181,8,0,1
BRDA:181,8,1,0
BRDA:185,9,0,1
BRDA:185,9,1,0
BRDA:203,10,0,0
BRDA:203,10,1,1
BRDA:239,11,0,0
BRDA:239,11,1,0
BRF:22
BRH:10
end_of_record
